TeamCode/build/intermediates/manifest_merge_blame_file/debug/manifest-merger-blame-debug-report.txt
1<?xml version="1.0" encoding="utf-8"?>
2<!--
3 Note: the actual manifest file used in your APK merges this file with contributions
4     from the modules on which your app depends (such as FtcRobotController, etc).
5     So it won't ultimately be as empty as it might here appear to be :-)
6-->
7<!-- The package name here determines the package for your R class and your BuildConfig class -->
8<manifest xmlns:android="http://schemas.android.com/apk/res/android"
9    package="com.qualcomm.ftcrobotcontroller"
10    android:versionCode="40"
11    android:versionName="6.2" >
12
13    <uses-sdk
14        android:minSdkVersion="23"
14-->src\main\AndroidManifest.xml
15        android:targetSdkVersion="28" />
15-->src\main\AndroidManifest.xml
16
17    <uses-permission android:name="android.permission.RECEIVE_BOOT_COMPLETED" />
17-->[:FtcRobotController] AndroidManifest.xml:12:5-81
17-->[:FtcRobotController] AndroidManifest.xml:12:22-78
18    <uses-permission
18-->[org.firstinspires.ftc:Blocks:6.2.1] AndroidManifest.xml:11:5-13:35
19        android:name="android.permission.WRITE_EXTERNAL_STORAGE"
19-->[org.firstinspires.ftc:Blocks:6.2.1] AndroidManifest.xml:12:9-65
20        android:required="true" />
20-->[org.firstinspires.ftc:Blocks:6.2.1] AndroidManifest.xml:13:9-32
21    <uses-permission
21-->[org.firstinspires.ftc:Blocks:6.2.1] AndroidManifest.xml:14:5-16:35
22        android:name="android.permission.READ_EXTERNAL_STORAGE"
22-->[org.firstinspires.ftc:Blocks:6.2.1] AndroidManifest.xml:15:9-64
23        android:required="true" />
23-->[org.firstinspires.ftc:Blocks:6.2.1] AndroidManifest.xml:16:9-32
24    <uses-permission
24-->[org.firstinspires.ftc:FtcCommon:6.2.1] AndroidManifest.xml:12:5-76
25        android:name="android.permission.ACCESS_WIFI_STATE"
25-->[org.firstinspires.ftc:FtcCommon:6.2.1] AndroidManifest.xml:12:22-73
26        android:required="true" />
26-->[org.firstinspires.ftc:RobotCore:6.2.1] AndroidManifest.xml:13:9-32
27    <uses-permission
27-->[org.firstinspires.ftc:FtcCommon:6.2.1] AndroidManifest.xml:19:5-21:35
28        android:name="android.permission.WRITE_SETTINGS"
28-->[org.firstinspires.ftc:FtcCommon:6.2.1] AndroidManifest.xml:20:9-57
29        android:required="true" />
29-->[org.firstinspires.ftc:FtcCommon:6.2.1] AndroidManifest.xml:21:9-32
30    <uses-permission android:name="android.permission.BLUETOOTH_ADMIN" />
30-->[org.firstinspires.ftc:Inspection:6.2.1] AndroidManifest.xml:12:5-74
30-->[org.firstinspires.ftc:Inspection:6.2.1] AndroidManifest.xml:12:22-71
31    <uses-permission
31-->[org.firstinspires.ftc:Inspection:6.2.1] AndroidManifest.xml:13:5-76
32        android:name="android.permission.CHANGE_WIFI_STATE"
32-->[org.firstinspires.ftc:Inspection:6.2.1] AndroidManifest.xml:13:22-73
33        android:required="true" />
33-->[org.firstinspires.ftc:RobotCore:6.2.1] AndroidManifest.xml:16:9-32
34    <uses-permission
34-->[org.firstinspires.ftc:Inspection:6.2.1] AndroidManifest.xml:14:5-79
35        android:name="android.permission.CHANGE_NETWORK_STATE"
35-->[org.firstinspires.ftc:Inspection:6.2.1] AndroidManifest.xml:14:22-76
36        android:required="true" />
36-->[org.firstinspires.ftc:RobotCore:6.2.1] AndroidManifest.xml:23:9-32
37    <uses-permission
37-->[org.firstinspires.ftc:Inspection:6.2.1] AndroidManifest.xml:15:5-67
38        android:name="android.permission.INTERNET"
38-->[org.firstinspires.ftc:Inspection:6.2.1] AndroidManifest.xml:15:22-64
39        android:required="true" />
39-->[org.firstinspires.ftc:RobotCore:6.2.1] AndroidManifest.xml:26:9-32
40    <uses-permission
40-->[org.firstinspires.ftc:Inspection:6.2.1] AndroidManifest.xml:16:5-79
41        android:name="android.permission.ACCESS_NETWORK_STATE"
41-->[org.firstinspires.ftc:Inspection:6.2.1] AndroidManifest.xml:16:22-76
42        android:required="true" />
42-->[org.firstinspires.ftc:RobotCore:6.2.1] AndroidManifest.xml:20:9-32
43    <uses-permission android:name="android.permission.BLUETOOTH" /> <!-- see AppUtil.setTimeZone() -->
43-->[org.firstinspires.ftc:Inspection:6.2.1] AndroidManifest.xml:17:5-68
43-->[org.firstinspires.ftc:Inspection:6.2.1] AndroidManifest.xml:17:22-65
44    <uses-permission
44-->[org.firstinspires.ftc:RobotCore:6.2.1] AndroidManifest.xml:43:5-45:35
45        android:name="android.permission.SET_TIME_ZONE"
45-->[org.firstinspires.ftc:RobotCore:6.2.1] AndroidManifest.xml:44:9-56
46        android:required="true" />
46-->[org.firstinspires.ftc:RobotCore:6.2.1] AndroidManifest.xml:45:9-32
47    <!--
48  Note: we suspect that this (android.permission.WAKE_LOCK) is no
49  longer needed, but haven't yet found the time necessary to verify
50  that assertion before removing it
51    -->
52    <uses-permission
52-->[org.firstinspires.ftc:RobotCore:6.2.1] AndroidManifest.xml:52:5-54:35
53        android:name="android.permission.WAKE_LOCK"
53-->[org.firstinspires.ftc:RobotCore:6.2.1] AndroidManifest.xml:53:9-52
54        android:required="true" />
54-->[org.firstinspires.ftc:RobotCore:6.2.1] AndroidManifest.xml:54:9-32
55    <uses-permission android:name="android.permission.CAMERA" />
55-->[org.firstinspires.ftc:RobotCore:6.2.1] AndroidManifest.xml:55:5-65
55-->[org.firstinspires.ftc:RobotCore:6.2.1] AndroidManifest.xml:55:22-62
56    <uses-permission
56-->[org.firstinspires.ftc:RobotCore:6.2.1] AndroidManifest.xml:56:5-58:35
57        android:name="android.permission.ACCESS_COARSE_LOCATION"
57-->[org.firstinspires.ftc:RobotCore:6.2.1] AndroidManifest.xml:57:9-65
58        android:required="true" />
58-->[org.firstinspires.ftc:RobotCore:6.2.1] AndroidManifest.xml:58:9-32
59    <uses-permission
59-->[org.firstinspires.ftc:RobotCore:6.2.1] AndroidManifest.xml:59:5-61:35
60        android:name="android.permission.ACCESS_FINE_LOCATION"
60-->[org.firstinspires.ftc:RobotCore:6.2.1] AndroidManifest.xml:60:9-63
61        android:required="true" />
61-->[org.firstinspires.ftc:RobotCore:6.2.1] AndroidManifest.xml:61:9-32
62    <uses-permission
62-->[org.firstinspires.ftc:RobotCore:6.2.1] AndroidManifest.xml:62:5-64:35
63        android:name="android.permission.READ_PHONE_STATE"
63-->[org.firstinspires.ftc:RobotCore:6.2.1] AndroidManifest.xml:63:9-59
64        android:required="true" />
64-->[org.firstinspires.ftc:RobotCore:6.2.1] AndroidManifest.xml:64:9-32
65    <uses-permission
65-->[org.firstinspires.ftc:RobotCore:6.2.1] AndroidManifest.xml:65:5-67:35
66        android:name="com.revrobotics.permission.UPDATE_CONTROL_HUB"
66-->[org.firstinspires.ftc:RobotCore:6.2.1] AndroidManifest.xml:66:9-69
67        android:required="true" />
67-->[org.firstinspires.ftc:RobotCore:6.2.1] AndroidManifest.xml:67:9-32
68
69    <uses-feature android:name="android.hardware.usb.accessory" />
69-->[org.firstinspires.ftc:RobotCore:6.2.1] AndroidManifest.xml:69:5-67
69-->[org.firstinspires.ftc:RobotCore:6.2.1] AndroidManifest.xml:69:19-64
70    <uses-feature android:glEsVersion="0x00020000" />
70-->[org.firstinspires.ftc:RobotCore:6.2.1] AndroidManifest.xml:70:5-54
70-->[org.firstinspires.ftc:RobotCore:6.2.1] AndroidManifest.xml:70:19-51
71    <!--
72        NOTE: Any application that requests the CAMERA permission but does not
73        declare any camera features with the <uses-feature> element will be
74        assumed to use all camera features (auto-focus and flash). Thus, the
75        application will not be compatible with devices that do not support
76        all camera features. We use <uses-feature> to declare only the
77        camera features that our application does need. For instance, if you
78        request the CAMERA permission, but you do not need auto-focus or
79        flash, then declare only the android.hardware.camera feature. The
80        other camera features that you do not request will no longer be
81        assumed as required.
82    -->
83    <uses-feature android:name="android.hardware.camera" />
83-->[org.firstinspires.ftc:RobotCore:6.2.1] AndroidManifest.xml:84:5-60
83-->[org.firstinspires.ftc:RobotCore:6.2.1] AndroidManifest.xml:84:19-57
84
85    <application
85-->src\main\AndroidManifest.xml:11:5-19
86        android:name="org.firstinspires.ftc.robotcore.internal.system.RobotApplication"
86-->[org.firstinspires.ftc:RobotCore:6.2.1] AndroidManifest.xml:86:18-97
87        android:allowBackup="true"
87-->[:FtcRobotController] AndroidManifest.xml:15:9-35
88        android:appComponentFactory="androidx.core.app.CoreComponentFactory"
88-->[androidx.core:core:1.3.0] AndroidManifest.xml:24:18-86
89        android:debuggable="true"
90        android:extractNativeLibs="true"
90-->[:FtcRobotController] AndroidManifest.xml:16:9-41
91        android:icon="@drawable/ic_launcher"
91-->[:FtcRobotController] AndroidManifest.xml:17:9-45
92        android:label="@string/app_name"
92-->[:FtcRobotController] AndroidManifest.xml:18:9-41
93        android:largeHeap="true"
93-->[:FtcRobotController] AndroidManifest.xml:19:9-33
94        android:theme="@style/AppThemeRedRC"
94-->[:FtcRobotController] AndroidManifest.xml:20:9-45
95        android:usesCleartextTraffic="true" > <!-- Indicates to the ControlHubUpdater what the latest version of the Control Hub is that this app supports -->
95-->[:FtcRobotController] AndroidManifest.xml:21:9-44
96        <meta-data
96-->[:FtcRobotController] AndroidManifest.xml:24:9-26:33
97            android:name="org.firstinspires.latestSupportedControlHubVersion"
97-->[:FtcRobotController] AndroidManifest.xml:25:13-78
98            android:value="1" /> <!-- The main robot controller activity -->
98-->[:FtcRobotController] AndroidManifest.xml:26:13-30
99        <activity
99-->[:FtcRobotController] AndroidManifest.xml:29:9-40:20
100            android:name="org.firstinspires.ftc.robotcontroller.internal.PermissionValidatorWrapper"
100-->[:FtcRobotController] AndroidManifest.xml:30:13-101
101            android:configChanges="orientation|screenSize"
101-->[:FtcRobotController] AndroidManifest.xml:31:13-59
102            android:label="@string/app_name"
102-->[:FtcRobotController] AndroidManifest.xml:32:13-45
103            android:launchMode="singleTask"
103-->[:FtcRobotController] AndroidManifest.xml:33:13-44
104            android:screenOrientation="fullUser" >
104-->[:FtcRobotController] AndroidManifest.xml:34:13-49
105            <intent-filter>
105-->[:FtcRobotController] AndroidManifest.xml:35:13-39:29
106                <category android:name="android.intent.category.LAUNCHER" />
106-->[:FtcRobotController] AndroidManifest.xml:36:17-77
106-->[:FtcRobotController] AndroidManifest.xml:36:27-74
107
108                <action android:name="android.intent.action.MAIN" />
108-->[:FtcRobotController] AndroidManifest.xml:38:17-69
108-->[:FtcRobotController] AndroidManifest.xml:38:25-66
109            </intent-filter>
110        </activity>
111        <activity
111-->[:FtcRobotController] AndroidManifest.xml:41:9-59:20
112            android:name="org.firstinspires.ftc.robotcontroller.internal.FtcRobotControllerActivity"
112-->[:FtcRobotController] AndroidManifest.xml:42:13-101
113            android:configChanges="orientation|screenSize"
113-->[:FtcRobotController] AndroidManifest.xml:43:13-59
114            android:label="@string/app_name"
114-->[:FtcRobotController] AndroidManifest.xml:44:13-45
115            android:launchMode="singleTask"
115-->[:FtcRobotController] AndroidManifest.xml:45:13-44
116            android:screenOrientation="fullUser" >
116-->[:FtcRobotController] AndroidManifest.xml:46:13-49
117            <intent-filter>
117-->[:FtcRobotController] AndroidManifest.xml:47:13-49:29
118                <action android:name="android.hardware.usb.action.USB_DEVICE_ATTACHED" />
118-->[:FtcRobotController] AndroidManifest.xml:48:17-90
118-->[:FtcRobotController] AndroidManifest.xml:48:25-87
119            </intent-filter>
120
121            <meta-data
121-->[:FtcRobotController] AndroidManifest.xml:51:13-53:57
122                android:name="android.hardware.usb.action.USB_DEVICE_ATTACHED"
122-->[:FtcRobotController] AndroidManifest.xml:52:17-79
123                android:resource="@xml/device_filter" />
123-->[:FtcRobotController] AndroidManifest.xml:53:17-54
124
125            <!-- org.firstinspires.main.entry indicates that this app is compatible with the Dragonboard Control Hub -->
126            <meta-data
126-->[:FtcRobotController] AndroidManifest.xml:56:13-58:40
127                android:name="org.firstinspires.main.entry"
127-->[:FtcRobotController] AndroidManifest.xml:57:17-60
128                android:value="true" />
128-->[:FtcRobotController] AndroidManifest.xml:58:17-37
129        </activity> <!-- The robot controller service in which most of the robot functionality is managed -->
130        <service
130-->[:FtcRobotController] AndroidManifest.xml:62:9-64:38
131            android:name="com.qualcomm.ftccommon.FtcRobotControllerService"
131-->[:FtcRobotController] AndroidManifest.xml:63:13-76
132            android:enabled="true" />
132-->[:FtcRobotController] AndroidManifest.xml:64:13-35
133
134        <activity
134-->[org.firstinspires.ftc:Blocks:6.2.1] AndroidManifest.xml:19:9-23:20
135            android:name="org.firstinspires.ftc.ftccommon.internal.ProgramAndManageActivity"
135-->[org.firstinspires.ftc:Blocks:6.2.1] AndroidManifest.xml:20:13-93
136            android:configChanges="orientation|screenSize"
136-->[org.firstinspires.ftc:Blocks:6.2.1] AndroidManifest.xml:21:13-59
137            android:label="@string/program_and_manage_activity" >
137-->[org.firstinspires.ftc:Blocks:6.2.1] AndroidManifest.xml:22:13-64
138        </activity>
139        <activity
139-->[org.firstinspires.ftc:FtcCommon:6.2.1] AndroidManifest.xml:26:9-30:20
140            android:name="com.qualcomm.ftccommon.FtcRobotControllerSettingsActivity"
140-->[org.firstinspires.ftc:FtcCommon:6.2.1] AndroidManifest.xml:27:13-85
141            android:exported="true"
141-->[org.firstinspires.ftc:FtcCommon:6.2.1] AndroidManifest.xml:28:13-36
142            android:label="@string/settings_activity" >
142-->[org.firstinspires.ftc:FtcCommon:6.2.1] AndroidManifest.xml:29:13-54
143        </activity>
144        <activity
144-->[org.firstinspires.ftc:FtcCommon:6.2.1] AndroidManifest.xml:31:9-36:20
145            android:name="com.qualcomm.ftccommon.configuration.FtcLoadFileActivity"
145-->[org.firstinspires.ftc:FtcCommon:6.2.1] AndroidManifest.xml:32:13-84
146            android:configChanges="orientation|screenSize"
146-->[org.firstinspires.ftc:FtcCommon:6.2.1] AndroidManifest.xml:33:13-59
147            android:exported="true"
147-->[org.firstinspires.ftc:FtcCommon:6.2.1] AndroidManifest.xml:34:13-36
148            android:label="@string/configure_activity" >
148-->[org.firstinspires.ftc:FtcCommon:6.2.1] AndroidManifest.xml:35:13-55
149        </activity>
150        <activity
150-->[org.firstinspires.ftc:FtcCommon:6.2.1] AndroidManifest.xml:37:9-42:20
151            android:name="com.qualcomm.ftccommon.configuration.ConfigureFromTemplateActivity"
151-->[org.firstinspires.ftc:FtcCommon:6.2.1] AndroidManifest.xml:38:13-94
152            android:configChanges="orientation|screenSize"
152-->[org.firstinspires.ftc:FtcCommon:6.2.1] AndroidManifest.xml:39:13-59
153            android:exported="true"
153-->[org.firstinspires.ftc:FtcCommon:6.2.1] AndroidManifest.xml:40:13-36
154            android:label="@string/title_activity_configfromtemplate" >
154-->[org.firstinspires.ftc:FtcCommon:6.2.1] AndroidManifest.xml:41:13-70
155        </activity>
156        <activity
156-->[org.firstinspires.ftc:FtcCommon:6.2.1] AndroidManifest.xml:43:9-48:20
157            android:name="com.qualcomm.ftccommon.ViewLogsActivity"
157-->[org.firstinspires.ftc:FtcCommon:6.2.1] AndroidManifest.xml:44:13-67
158            android:configChanges="orientation|screenSize"
158-->[org.firstinspires.ftc:FtcCommon:6.2.1] AndroidManifest.xml:45:13-59
159            android:exported="true"
159-->[org.firstinspires.ftc:FtcCommon:6.2.1] AndroidManifest.xml:46:13-36
160            android:label="@string/view_logs_activity" >
160-->[org.firstinspires.ftc:FtcCommon:6.2.1] AndroidManifest.xml:47:13-55
161        </activity>
162        <activity
162-->[org.firstinspires.ftc:FtcCommon:6.2.1] AndroidManifest.xml:49:9-53:20
163            android:name="com.qualcomm.ftccommon.configuration.FtcConfigurationActivity"
163-->[org.firstinspires.ftc:FtcCommon:6.2.1] AndroidManifest.xml:50:13-89
164            android:configChanges="orientation|screenSize"
164-->[org.firstinspires.ftc:FtcCommon:6.2.1] AndroidManifest.xml:51:13-59
165            android:label="@string/app_name" >
165-->[org.firstinspires.ftc:FtcCommon:6.2.1] AndroidManifest.xml:52:13-45
166        </activity>
167        <activity
167-->[org.firstinspires.ftc:FtcCommon:6.2.1] AndroidManifest.xml:54:9-58:20
168            android:name="com.qualcomm.ftccommon.configuration.FtcNewFileActivity"
168-->[org.firstinspires.ftc:FtcCommon:6.2.1] AndroidManifest.xml:55:13-83
169            android:configChanges="orientation|screenSize"
169-->[org.firstinspires.ftc:FtcCommon:6.2.1] AndroidManifest.xml:56:13-59
170            android:label="@string/app_name" >
170-->[org.firstinspires.ftc:FtcCommon:6.2.1] AndroidManifest.xml:57:13-45
171        </activity>
172        <activity
172-->[org.firstinspires.ftc:FtcCommon:6.2.1] AndroidManifest.xml:59:9-62:73
173            android:name="com.qualcomm.ftccommon.ConfigWifiDirectActivity"
173-->[org.firstinspires.ftc:FtcCommon:6.2.1] AndroidManifest.xml:60:13-75
174            android:exported="true"
174-->[org.firstinspires.ftc:FtcCommon:6.2.1] AndroidManifest.xml:61:13-36
175            android:label="@string/title_activity_config_wifi_direct" />
175-->[org.firstinspires.ftc:FtcCommon:6.2.1] AndroidManifest.xml:62:13-70
176        <activity
176-->[org.firstinspires.ftc:FtcCommon:6.2.1] AndroidManifest.xml:63:9-67:20
177            android:name="com.qualcomm.ftccommon.FtcAdvancedRCSettingsActivity"
177-->[org.firstinspires.ftc:FtcCommon:6.2.1] AndroidManifest.xml:64:13-80
178            android:exported="true"
178-->[org.firstinspires.ftc:FtcCommon:6.2.1] AndroidManifest.xml:65:13-36
179            android:label="@string/titleAdvancedRCSettings" >
179-->[org.firstinspires.ftc:FtcCommon:6.2.1] AndroidManifest.xml:66:13-60
180        </activity>
181        <activity
181-->[org.firstinspires.ftc:FtcCommon:6.2.1] AndroidManifest.xml:68:9-71:20
182            android:name="com.qualcomm.ftccommon.FtcLynxFirmwareUpdateActivity"
182-->[org.firstinspires.ftc:FtcCommon:6.2.1] AndroidManifest.xml:69:13-80
183            android:exported="true" >
183-->[org.firstinspires.ftc:FtcCommon:6.2.1] AndroidManifest.xml:70:13-36
184        </activity>
185        <activity
185-->[org.firstinspires.ftc:FtcCommon:6.2.1] AndroidManifest.xml:72:9-75:20
186            android:name="com.qualcomm.ftccommon.FtcLynxModuleAddressUpdateActivity"
186-->[org.firstinspires.ftc:FtcCommon:6.2.1] AndroidManifest.xml:73:13-85
187            android:exported="true" >
187-->[org.firstinspires.ftc:FtcCommon:6.2.1] AndroidManifest.xml:74:13-36
188        </activity>
189        <activity
189-->[org.firstinspires.ftc:FtcCommon:6.2.1] AndroidManifest.xml:76:9-80:20
190            android:name="com.qualcomm.ftccommon.FtcWifiDirectChannelSelectorActivity"
190-->[org.firstinspires.ftc:FtcCommon:6.2.1] AndroidManifest.xml:77:13-87
191            android:exported="true"
191-->[org.firstinspires.ftc:FtcCommon:6.2.1] AndroidManifest.xml:78:13-36
192            android:label="@string/title_activity_wifi_channel_selector" >
192-->[org.firstinspires.ftc:FtcCommon:6.2.1] AndroidManifest.xml:79:13-73
193        </activity>
194        <activity
194-->[org.firstinspires.ftc:FtcCommon:6.2.1] AndroidManifest.xml:81:9-85:20
195            android:name="com.qualcomm.ftccommon.FtcWifiDirectRememberedGroupsActivity"
195-->[org.firstinspires.ftc:FtcCommon:6.2.1] AndroidManifest.xml:82:13-88
196            android:exported="true"
196-->[org.firstinspires.ftc:FtcCommon:6.2.1] AndroidManifest.xml:83:13-36
197            android:label="@string/title_activity_wifi_remembered_groups_editor" >
197-->[org.firstinspires.ftc:FtcCommon:6.2.1] AndroidManifest.xml:84:13-81
198        </activity>
199        <activity
199-->[org.firstinspires.ftc:FtcCommon:6.2.1] AndroidManifest.xml:86:9-89:20
200            android:name="com.qualcomm.ftccommon.AboutActivity"
200-->[org.firstinspires.ftc:FtcCommon:6.2.1] AndroidManifest.xml:87:13-64
201            android:label="@string/about_activity" >
201-->[org.firstinspires.ftc:FtcCommon:6.2.1] AndroidManifest.xml:88:13-51
202        </activity>
203        <activity
203-->[org.firstinspires.ftc:FtcCommon:6.2.1] AndroidManifest.xml:90:9-93:20
204            android:name="com.qualcomm.ftccommon.FtcAboutActivity"
204-->[org.firstinspires.ftc:FtcCommon:6.2.1] AndroidManifest.xml:91:13-67
205            android:label="@string/ftc_about_activity" >
205-->[org.firstinspires.ftc:FtcCommon:6.2.1] AndroidManifest.xml:92:13-55
206        </activity>
207        <activity
207-->[org.firstinspires.ftc:FtcCommon:6.2.1] AndroidManifest.xml:94:9-99:20
208            android:name="com.qualcomm.ftccommon.configuration.EditSwapUsbDevices"
208-->[org.firstinspires.ftc:FtcCommon:6.2.1] AndroidManifest.xml:95:13-83
209            android:configChanges="orientation|screenSize"
209-->[org.firstinspires.ftc:FtcCommon:6.2.1] AndroidManifest.xml:96:13-59
210            android:label="@string/edit_swap_devices_activity"
210-->[org.firstinspires.ftc:FtcCommon:6.2.1] AndroidManifest.xml:97:13-63
211            android:windowSoftInputMode="stateHidden" >
211-->[org.firstinspires.ftc:FtcCommon:6.2.1] AndroidManifest.xml:98:13-54
212        </activity>
213        <activity
213-->[org.firstinspires.ftc:FtcCommon:6.2.1] AndroidManifest.xml:100:9-105:20
214            android:name="com.qualcomm.ftccommon.configuration.EditMotorControllerActivity"
214-->[org.firstinspires.ftc:FtcCommon:6.2.1] AndroidManifest.xml:101:13-92
215            android:configChanges="orientation|screenSize"
215-->[org.firstinspires.ftc:FtcCommon:6.2.1] AndroidManifest.xml:102:13-59
216            android:label="@string/edit_motor_controller_activity"
216-->[org.firstinspires.ftc:FtcCommon:6.2.1] AndroidManifest.xml:103:13-67
217            android:windowSoftInputMode="stateHidden" >
217-->[org.firstinspires.ftc:FtcCommon:6.2.1] AndroidManifest.xml:104:13-54
218        </activity>
219        <activity
219-->[org.firstinspires.ftc:FtcCommon:6.2.1] AndroidManifest.xml:106:9-111:20
220            android:name="com.qualcomm.ftccommon.configuration.EditLegacyMotorControllerActivity"
220-->[org.firstinspires.ftc:FtcCommon:6.2.1] AndroidManifest.xml:107:13-98
221            android:configChanges="orientation|screenSize"
221-->[org.firstinspires.ftc:FtcCommon:6.2.1] AndroidManifest.xml:108:13-59
222            android:label="@string/edit_motor_controller_activity"
222-->[org.firstinspires.ftc:FtcCommon:6.2.1] AndroidManifest.xml:109:13-67
223            android:windowSoftInputMode="stateHidden" >
223-->[org.firstinspires.ftc:FtcCommon:6.2.1] AndroidManifest.xml:110:13-54
224        </activity>
225        <activity
225-->[org.firstinspires.ftc:FtcCommon:6.2.1] AndroidManifest.xml:112:9-117:20
226            android:name="com.qualcomm.ftccommon.configuration.EditMotorListActivity"
226-->[org.firstinspires.ftc:FtcCommon:6.2.1] AndroidManifest.xml:113:13-86
227            android:configChanges="orientation|screenSize"
227-->[org.firstinspires.ftc:FtcCommon:6.2.1] AndroidManifest.xml:114:13-59
228            android:label="@string/edit_motor_controller_activity"
228-->[org.firstinspires.ftc:FtcCommon:6.2.1] AndroidManifest.xml:115:13-67
229            android:windowSoftInputMode="stateHidden" >
229-->[org.firstinspires.ftc:FtcCommon:6.2.1] AndroidManifest.xml:116:13-54
230        </activity>
231        <activity
231-->[org.firstinspires.ftc:FtcCommon:6.2.1] AndroidManifest.xml:118:9-123:20
232            android:name="com.qualcomm.ftccommon.configuration.EditServoControllerActivity"
232-->[org.firstinspires.ftc:FtcCommon:6.2.1] AndroidManifest.xml:119:13-92
233            android:configChanges="orientation|screenSize"
233-->[org.firstinspires.ftc:FtcCommon:6.2.1] AndroidManifest.xml:120:13-59
234            android:label="@string/edit_servo_controller_activity"
234-->[org.firstinspires.ftc:FtcCommon:6.2.1] AndroidManifest.xml:121:13-67
235            android:windowSoftInputMode="stateHidden|adjustResize" >
235-->[org.firstinspires.ftc:FtcCommon:6.2.1] AndroidManifest.xml:122:13-67
236        </activity>
237        <activity
237-->[org.firstinspires.ftc:FtcCommon:6.2.1] AndroidManifest.xml:124:9-129:20
238            android:name="com.qualcomm.ftccommon.configuration.EditLegacyServoControllerActivity"
238-->[org.firstinspires.ftc:FtcCommon:6.2.1] AndroidManifest.xml:125:13-98
239            android:configChanges="orientation|screenSize"
239-->[org.firstinspires.ftc:FtcCommon:6.2.1] AndroidManifest.xml:126:13-59
240            android:label="@string/edit_servo_controller_activity"
240-->[org.firstinspires.ftc:FtcCommon:6.2.1] AndroidManifest.xml:127:13-67
241            android:windowSoftInputMode="stateHidden|adjustResize" >
241-->[org.firstinspires.ftc:FtcCommon:6.2.1] AndroidManifest.xml:128:13-67
242        </activity>
243        <activity
243-->[org.firstinspires.ftc:FtcCommon:6.2.1] AndroidManifest.xml:130:9-135:20
244            android:name="com.qualcomm.ftccommon.configuration.EditServoListActivity"
244-->[org.firstinspires.ftc:FtcCommon:6.2.1] AndroidManifest.xml:131:13-86
245            android:configChanges="orientation|screenSize"
245-->[org.firstinspires.ftc:FtcCommon:6.2.1] AndroidManifest.xml:132:13-59
246            android:label="@string/edit_servo_controller_activity"
246-->[org.firstinspires.ftc:FtcCommon:6.2.1] AndroidManifest.xml:133:13-67
247            android:windowSoftInputMode="stateHidden|adjustResize" >
247-->[org.firstinspires.ftc:FtcCommon:6.2.1] AndroidManifest.xml:134:13-67
248        </activity>
249        <activity
249-->[org.firstinspires.ftc:FtcCommon:6.2.1] AndroidManifest.xml:136:9-141:20
250            android:name="com.qualcomm.ftccommon.configuration.EditLegacyModuleControllerActivity"
250-->[org.firstinspires.ftc:FtcCommon:6.2.1] AndroidManifest.xml:137:13-99
251            android:configChanges="orientation|screenSize"
251-->[org.firstinspires.ftc:FtcCommon:6.2.1] AndroidManifest.xml:138:13-59
252            android:label="@string/edit_legacy_module_controller_activity"
252-->[org.firstinspires.ftc:FtcCommon:6.2.1] AndroidManifest.xml:139:13-75
253            android:windowSoftInputMode="stateHidden|adjustResize" >
253-->[org.firstinspires.ftc:FtcCommon:6.2.1] AndroidManifest.xml:140:13-67
254        </activity>
255        <activity
255-->[org.firstinspires.ftc:FtcCommon:6.2.1] AndroidManifest.xml:142:9-147:20
256            android:name="com.qualcomm.ftccommon.configuration.EditMatrixControllerActivity"
256-->[org.firstinspires.ftc:FtcCommon:6.2.1] AndroidManifest.xml:143:13-93
257            android:configChanges="orientation|screenSize"
257-->[org.firstinspires.ftc:FtcCommon:6.2.1] AndroidManifest.xml:144:13-59
258            android:label="@string/edit_matrix_controller_activity"
258-->[org.firstinspires.ftc:FtcCommon:6.2.1] AndroidManifest.xml:145:13-68
259            android:windowSoftInputMode="stateHidden|adjustResize" >
259-->[org.firstinspires.ftc:FtcCommon:6.2.1] AndroidManifest.xml:146:13-67
260        </activity>
261        <activity
261-->[org.firstinspires.ftc:FtcCommon:6.2.1] AndroidManifest.xml:148:9-153:20
262            android:name="com.qualcomm.ftccommon.configuration.EditDeviceInterfaceModuleActivity"
262-->[org.firstinspires.ftc:FtcCommon:6.2.1] AndroidManifest.xml:149:13-98
263            android:configChanges="orientation|screenSize"
263-->[org.firstinspires.ftc:FtcCommon:6.2.1] AndroidManifest.xml:150:13-59
264            android:label="@string/edit_core_device_interface_module_controller_activity"
264-->[org.firstinspires.ftc:FtcCommon:6.2.1] AndroidManifest.xml:151:13-90
265            android:windowSoftInputMode="stateHidden|adjustResize" >
265-->[org.firstinspires.ftc:FtcCommon:6.2.1] AndroidManifest.xml:152:13-67
266        </activity>
267        <activity
267-->[org.firstinspires.ftc:FtcCommon:6.2.1] AndroidManifest.xml:154:9-159:20
268            android:name="com.qualcomm.ftccommon.configuration.EditLynxModuleActivity"
268-->[org.firstinspires.ftc:FtcCommon:6.2.1] AndroidManifest.xml:155:13-87
269            android:configChanges="orientation|screenSize"
269-->[org.firstinspires.ftc:FtcCommon:6.2.1] AndroidManifest.xml:156:13-59
270            android:label="@string/edit_lynx_module_controller_activity"
270-->[org.firstinspires.ftc:FtcCommon:6.2.1] AndroidManifest.xml:157:13-73
271            android:windowSoftInputMode="stateHidden|adjustResize" >
271-->[org.firstinspires.ftc:FtcCommon:6.2.1] AndroidManifest.xml:158:13-67
272        </activity>
273        <activity
273-->[org.firstinspires.ftc:FtcCommon:6.2.1] AndroidManifest.xml:160:9-165:20
274            android:name="com.qualcomm.ftccommon.configuration.EditLynxUsbDeviceActivity"
274-->[org.firstinspires.ftc:FtcCommon:6.2.1] AndroidManifest.xml:161:13-90
275            android:configChanges="orientation|screenSize"
275-->[org.firstinspires.ftc:FtcCommon:6.2.1] AndroidManifest.xml:162:13-59
276            android:label="@string/edit_lynx_usb_device_activity"
276-->[org.firstinspires.ftc:FtcCommon:6.2.1] AndroidManifest.xml:163:13-66
277            android:windowSoftInputMode="stateHidden|adjustResize" >
277-->[org.firstinspires.ftc:FtcCommon:6.2.1] AndroidManifest.xml:164:13-67
278        </activity>
279        <activity
279-->[org.firstinspires.ftc:FtcCommon:6.2.1] AndroidManifest.xml:166:9-171:20
280            android:name="com.qualcomm.ftccommon.configuration.EditWebcamActivity"
280-->[org.firstinspires.ftc:FtcCommon:6.2.1] AndroidManifest.xml:167:13-83
281            android:configChanges="orientation|screenSize"